<?xml version="1.0" encoding="UTF-8"?><testrun name="KernelStateModelingTest.testCreateInstance" project="org.eclipse.tracecompass.totalads.core.tests" tests="1" started="0" failures="0" errors="1" ignored="0">
  <testcase name="testCreateInstance" classname="org.eclipse.tracecompass.totalads.core.tests.algorithms.ksm.KernelStateModelingTest" incomplete="true"/>
  <testsuite name="Unrooted Tests">
    <testcase name="org.eclipse.tracecompass.totalads.core.tests.algorithms.ksm.KernelStateModelingTest" classname="org.eclipse.tracecompass.totalads.core.tests.algorithms.ksm.KernelStateModelingTest">
      <error>java.lang.NoClassDefFoundError: org/apache/commons/compress/compressors/gzip/GzipCompressorInputStream
	at de.flapdoodle.embed.process.extract.Extractors.getExtractor(Extractors.java:37)
	at de.flapdoodle.embed.process.store.ArtifactStore.extractFileSet(ArtifactStore.java:75)
	at de.flapdoodle.embed.process.store.CachingArtifactStore$FilesWithCounter.use(CachingArtifactStore.java:129)
	at de.flapdoodle.embed.process.store.CachingArtifactStore.extractFileSet(CachingArtifactStore.java:75)
	at de.flapdoodle.embed.process.runtime.Starter.prepare(Starter.java:53)
	at org.eclipse.tracecompass.totalads.core.tests.algorithms.ksm.KernelStateModelingTest.setUpBeforeClass(KernelStateModelingTest.java:69)
	at sun.reflect.NativeMethodAccessorImpl.invoke0(Native Method)
	at sun.reflect.NativeMethodAccessorImpl.invoke(NativeMethodAccessorImpl.java:57)
	at sun.reflect.DelegatingMethodAccessorImpl.invoke(DelegatingMethodAccessorImpl.java:43)
	at java.lang.reflect.Method.invoke(Method.java:606)
	at org.junit.runners.model.FrameworkMethod$1.runReflectiveCall(FrameworkMethod.java:47)
	at org.junit.internal.runners.model.ReflectiveCallable.run(ReflectiveCallable.java:12)
	at org.junit.runners.model.FrameworkMethod.invokeExplosively(FrameworkMethod.java:44)
	at org.junit.internal.runners.statements.RunBefores.evaluate(RunBefores.java:24)
	at org.junit.internal.runners.statements.RunAfters.evaluate(RunAfters.java:27)
	at org.junit.runners.ParentRunner.run(ParentRunner.java:309)
	at org.eclipse.jdt.internal.junit4.runner.JUnit4TestReference.run(JUnit4TestReference.java:50)
	at org.eclipse.jdt.internal.junit.runner.TestExecution.run(TestExecution.java:38)
	at org.eclipse.jdt.internal.junit.runner.RemoteTestRunner.runTests(RemoteTestRunner.java:459)
	at org.eclipse.jdt.internal.junit.runner.RemoteTestRunner.runTests(RemoteTestRunner.java:675)
	at org.eclipse.jdt.internal.junit.runner.RemoteTestRunner.run(RemoteTestRunner.java:382)
	at org.eclipse.jdt.internal.junit.runner.RemoteTestRunner.main(RemoteTestRunner.java:192)
Caused by: java.lang.ClassNotFoundException: org.apache.commons.compress.compressors.gzip.GzipCompressorInputStream
	at java.net.URLClassLoader$1.run(URLClassLoader.java:366)
	at java.net.URLClassLoader$1.run(URLClassLoader.java:355)
	at java.security.AccessController.doPrivileged(Native Method)
	at java.net.URLClassLoader.findClass(URLClassLoader.java:354)
	at java.lang.ClassLoader.loadClass(ClassLoader.java:424)
	at sun.misc.Launcher$AppClassLoader.loadClass(Launcher.java:308)
	at java.lang.ClassLoader.loadClass(ClassLoader.java:357)
	... 22 more

</error>
    </testcase>
  </testsuite>
</testrun>
