<?xml version="1.0" encoding="UTF-8"?><testrun name="AlgorithmUtilityTest.testTrainValidateAndTestModelsForLTTngTraces" project="org.eclipse.tracecompass.totalads.core.tests" tests="1" started="1" failures="0" errors="1" ignored="0">
  <testcase name="testTrainValidateAndTestModelsForLTTngTraces" classname="org.eclipse.tracecompass.totalads.core.tests.algorithms.AlgorithmUtilityTest" time="0.461">
    <error>java.lang.NoClassDefFoundError: org/antlr/runtime/RecognitionException
	at org.eclipse.tracecompass.ctf.core.trace.CTFTrace.&lt;init&gt;(CTFTrace.java:169)
	at org.eclipse.tracecompass.ctf.core.trace.CTFTrace.&lt;init&gt;(CTFTrace.java:155)
	at org.eclipse.tracecompass.tmf.ctf.core.trace.CtfTmfTrace.initTrace(CtfTmfTrace.java:151)
	at org.eclipse.tracecompass.internal.totalads.readers.ctfreaders.CTFSystemCallIterator.&lt;init&gt;(CTFSystemCallIterator.java:46)
	at org.eclipse.tracecompass.internal.totalads.readers.ctfreaders.CTFLTTngSysCallTraceReader.getTraceIterator(CTFLTTngSysCallTraceReader.java:102)
	at org.eclipse.tracecompass.totalads.algorithms.AlgorithmUtility.trainAndValidateModels(AlgorithmUtility.java:176)
	at org.eclipse.tracecompass.totalads.core.tests.algorithms.AlgorithmUtilityTest.trainValidateAndTest(AlgorithmUtilityTest.java:329)
	at org.eclipse.tracecompass.totalads.core.tests.algorithms.AlgorithmUtilityTest.testTrainValidateAndTestModelsForLTTngTraces(AlgorithmUtilityTest.java:248)
	at sun.reflect.NativeMethodAccessorImpl.invoke0(Native Method)
	at sun.reflect.NativeMethodAccessorImpl.invoke(NativeMethodAccessorImpl.java:57)
	at sun.reflect.DelegatingMethodAccessorImpl.invoke(DelegatingMethodAccessorImpl.java:43)
	at java.lang.reflect.Method.invoke(Method.java:606)
	at org.junit.runners.model.FrameworkMethod$1.runReflectiveCall(FrameworkMethod.java:47)
	at org.junit.internal.runners.model.ReflectiveCallable.run(ReflectiveCallable.java:12)
	at org.junit.runners.model.FrameworkMethod.invokeExplosively(FrameworkMethod.java:44)
	at org.junit.internal.runners.statements.InvokeMethod.evaluate(InvokeMethod.java:17)
	at org.junit.runners.ParentRunner.runLeaf(ParentRunner.java:271)
	at org.junit.runners.BlockJUnit4ClassRunner.runChild(BlockJUnit4ClassRunner.java:70)
	at org.junit.runners.BlockJUnit4ClassRunner.runChild(BlockJUnit4ClassRunner.java:50)
	at org.junit.runners.ParentRunner$3.run(ParentRunner.java:238)
	at org.junit.runners.ParentRunner$1.schedule(ParentRunner.java:63)
	at org.junit.runners.ParentRunner.runChildren(ParentRunner.java:236)
	at org.junit.runners.ParentRunner.access$000(ParentRunner.java:53)
	at org.junit.runners.ParentRunner$2.evaluate(ParentRunner.java:229)
	at org.junit.internal.runners.statements.RunBefores.evaluate(RunBefores.java:26)
	at org.junit.internal.runners.statements.RunAfters.evaluate(RunAfters.java:27)
	at org.junit.runners.ParentRunner.run(ParentRunner.java:309)
	at org.eclipse.jdt.internal.junit4.runner.JUnit4TestReference.run(JUnit4TestReference.java:50)
	at org.eclipse.jdt.internal.junit.runner.TestExecution.run(TestExecution.java:38)
	at org.eclipse.jdt.internal.junit.runner.RemoteTestRunner.runTests(RemoteTestRunner.java:459)
	at org.eclipse.jdt.internal.junit.runner.RemoteTestRunner.runTests(RemoteTestRunner.java:675)
	at org.eclipse.jdt.internal.junit.runner.RemoteTestRunner.run(RemoteTestRunner.java:382)
	at org.eclipse.jdt.internal.junit.runner.RemoteTestRunner.main(RemoteTestRunner.java:192)
Caused by: java.lang.ClassNotFoundException: org.antlr.runtime.RecognitionException
	at java.net.URLClassLoader$1.run(URLClassLoader.java:366)
	at java.net.URLClassLoader$1.run(URLClassLoader.java:355)
	at java.security.AccessController.doPrivileged(Native Method)
	at java.net.URLClassLoader.findClass(URLClassLoader.java:354)
	at java.lang.ClassLoader.loadClass(ClassLoader.java:424)
	at sun.misc.Launcher$AppClassLoader.loadClass(Launcher.java:308)
	at java.lang.ClassLoader.loadClass(ClassLoader.java:357)
	... 33 more

</error>
  </testcase>
</testrun>
